<?xml version="1.0" encoding="UTF-8"?>
<!-- Generated by org.testng.reporters.JUnitXMLReporter -->
<testsuite hostname="LabGTI-PC" name="Default test" tests="3" failures="0" timestamp="7 Jul 2015 14:35:21 GMT" time="80.156" errors="0">
  <testcase name="TestInserirChamandoInterface" time="80.034" classname="Controller.PessoaTest"/>
  <testcase name="TestInserirNoBanco" time="0.036" classname="Controller.PessoaTest"/>
  <testcase name="TestInserirNoBancoDoisTelefones" time="0.075" classname="Controller.PessoaTest"/>
</testsuite> <!-- Default test -->
