<?xml version="1.0" encoding="UTF-8"?>
<!-- Generated by org.testng.reporters.JUnitXMLReporter -->
<testsuite hostname="LabGTI-PC" name="Default test" tests="3" failures="0" timestamp="7 Jul 2015 19:53:41 GMT" time="4.257" errors="0">
  <testcase name="TestInserirChamandoInterface" time="2.651" classname="controller.InserirBancoTest"/>
  <testcase name="TestInserirNoBanco" time="1.545" classname="controller.InserirBancoTest"/>
  <testcase name="TestInserirNoBancoDoisTelefones" time="0.047" classname="controller.InserirBancoTest"/>
</testsuite> <!-- Default test -->
